<?xml version="1.0" encoding="UTF-8"?>
<!-- Generated by org.testng.reporters.JUnitReportReporter -->
<testsuite hostname="PHAMKHOA-PC" name="com.myweb.core.test.ShiftTypeTest" tests="1" failures="0" timestamp="25 Oct 2017 22:24:24 GMT" time="301.415" errors="0">
  <testcase name="checkFindAll" time="301.415" classname="com.myweb.core.test.ShiftTypeTest"/>
</testsuite> <!-- com.myweb.core.test.ShiftTypeTest -->
