<?xml version="1.0" encoding="UTF-8"?>
<!-- Generated by org.testng.reporters.JUnitReportReporter -->
<testsuite hostname="PHAMKHOA-PC" name="com.myweb.core.test.ShiftTypeTest" tests="1" failures="0" timestamp="26 Oct 2017 15:44:02 GMT" time="206.696" errors="0">
  <testcase name="checkDelete" time="206.696" classname="com.myweb.core.test.ShiftTypeTest"/>
</testsuite> <!-- com.myweb.core.test.ShiftTypeTest -->
