<?xml version="1.0" encoding="UTF-8"?>
<!-- Generated by org.testng.reporters.JUnitReportReporter -->
<testsuite hostname="PHAMKHOA-PC" name="com.myweb.api.test.LoginTest" tests="2" failures="0" timestamp="30 Oct 2017 16:36:47 GMT" time="1.488" errors="0">
  <testcase name="checkFindAdminEmployee" time="1.488" classname="com.myweb.api.test.LoginTest"/>
  <testcase name="checkIsEmployeeExist" time="0.000" classname="com.myweb.api.test.LoginTest"/>
</testsuite> <!-- com.myweb.api.test.LoginTest -->
