<?xml version="1.0" encoding="UTF-8"?>
<!-- Generated by org.testng.reporters.JUnitReportReporter -->
<testsuite hostname="PHAMKHOA-PC" name="com.myweb.api.test.LoginTest" tests="1" failures="0" timestamp="2 Nov 2017 16:46:25 GMT" time="1.356" errors="0">
  <testcase name="checkFindEmployeeByProperties" time="1.356" classname="com.myweb.api.test.LoginTest"/>
</testsuite> <!-- com.myweb.api.test.LoginTest -->
